<?xml version="1.0" encoding="UTF-8"?>
<!-- Generated by org.testng.reporters.JUnitReportReporter -->
<testsuite hostname="DESKTOP-4KHV42C" failures="0" tests="4" name="Run.LoginCheck" time="43.505" errors="0" timestamp="2022-02-21T18:12:07 IST" skipped="0">
  <testcase classname="Run.LoginCheck" name="a" time="12.674"/>
  <system-out/>
  <testcase classname="Run.LoginCheck" name="b" time="10.214"/>
  <system-out/>
  <testcase classname="Run.LoginCheck" name="c" time="10.208"/>
  <system-out/>
  <testcase classname="Run.LoginCheck" name="d" time="10.409"/>
  <system-out/>
</testsuite> <!-- Run.LoginCheck -->
