<?xml version="1.0" encoding="UTF-8"?>
<!-- Generated by org.testng.reporters.JUnitReportReporter -->
<testsuite hostname="DESKTOP-4KHV42C" failures="0" tests="1" name="Run.NewTest" time="9.146" errors="0" timestamp="2022-02-21T13:57:57 IST" skipped="0">
  <testcase classname="Run.NewTest" name="f" time="9.146"/>
  <system-out/>
</testsuite> <!-- Run.NewTest -->
